<?xml version="1.0" encoding="UTF-8"?>
<testng-results skipped="0" failed="1" ignored="0" total="26" passed="25">
  <reporter-output>
  </reporter-output>
  <suite name="Default suite" duration-ms="49762" started-at="2018-11-19T10:38:55Z" finished-at="2018-11-19T10:39:44Z">
    <groups>
    </groups>
    <test name="Default test" duration-ms="49762" started-at="2018-11-19T10:38:55Z" finished-at="2018-11-19T10:39:44Z">
      <class name="testNGTest.TestNGTest">
        <test-method status="PASS" signature="setUp()[pri:0, instance:testNGTest.TestNGTest@61832929]" name="setUp" is-config="true" duration-ms="2285" started-at="2018-11-19T10:38:55Z" finished-at="2018-11-19T10:38:57Z">
          <reporter-output>
          </reporter-output>
        </test-method> <!-- setUp -->
        <test-method status="PASS" signature="enterPositiveNumber()[pri:0, instance:testNGTest.TestNGTest@61832929]" name="enterPositiveNumber" duration-ms="317" started-at="2018-11-19T10:38:57Z" finished-at="2018-11-19T10:38:57Z">
          <reporter-output>
          </reporter-output>
        </test-method> <!-- enterPositiveNumber -->
        <test-method status="PASS" signature="tearDown()[pri:0, instance:testNGTest.TestNGTest@61832929]" name="tearDown" is-config="true" duration-ms="129" started-at="2018-11-19T10:38:57Z" finished-at="2018-11-19T10:38:57Z">
          <reporter-output>
          </reporter-output>
        </test-method> <!-- tearDown -->
        <test-method status="PASS" signature="setUp()[pri:0, instance:testNGTest.TestNGTest@61832929]" name="setUp" is-config="true" duration-ms="1393" started-at="2018-11-19T10:38:57Z" finished-at="2018-11-19T10:38:59Z">
          <reporter-output>
          </reporter-output>
        </test-method> <!-- setUp -->
        <test-method status="PASS" signature="getPageSourceLength()[pri:0, instance:testNGTest.TestNGTest@61832929]" name="getPageSourceLength" duration-ms="11" started-at="2018-11-19T10:38:59Z" finished-at="2018-11-19T10:38:59Z">
          <reporter-output>
          </reporter-output>
        </test-method> <!-- getPageSourceLength -->
        <test-method status="PASS" signature="tearDown()[pri:0, instance:testNGTest.TestNGTest@61832929]" name="tearDown" is-config="true" duration-ms="158" started-at="2018-11-19T10:38:59Z" finished-at="2018-11-19T10:38:59Z">
          <reporter-output>
          </reporter-output>
        </test-method> <!-- tearDown -->
        <test-method status="PASS" signature="setUp()[pri:0, instance:testNGTest.TestNGTest@61832929]" name="setUp" is-config="true" duration-ms="1437" started-at="2018-11-19T10:38:59Z" finished-at="2018-11-19T10:39:00Z">
          <reporter-output>
          </reporter-output>
        </test-method> <!-- setUp -->
        <test-method status="PASS" signature="verifyAlph()[pri:0, instance:testNGTest.TestNGTest@61832929]" name="verifyAlph" duration-ms="204" started-at="2018-11-19T10:39:00Z" finished-at="2018-11-19T10:39:01Z">
          <reporter-output>
          </reporter-output>
        </test-method> <!-- verifyAlph -->
        <test-method status="PASS" signature="tearDown()[pri:0, instance:testNGTest.TestNGTest@61832929]" name="tearDown" is-config="true" duration-ms="158" started-at="2018-11-19T10:39:01Z" finished-at="2018-11-19T10:39:01Z">
          <reporter-output>
          </reporter-output>
        </test-method> <!-- tearDown -->
        <test-method status="PASS" signature="setUp()[pri:0, instance:testNGTest.TestNGTest@61832929]" name="setUp" is-config="true" duration-ms="1473" started-at="2018-11-19T10:39:01Z" finished-at="2018-11-19T10:39:02Z">
          <reporter-output>
          </reporter-output>
        </test-method> <!-- setUp -->
        <test-method status="PASS" signature="verifyBackButtonAndClearBox()[pri:0, instance:testNGTest.TestNGTest@61832929]" name="verifyBackButtonAndClearBox" duration-ms="469" started-at="2018-11-19T10:39:02Z" finished-at="2018-11-19T10:39:03Z">
          <reporter-output>
          </reporter-output>
        </test-method> <!-- verifyBackButtonAndClearBox -->
        <test-method status="PASS" signature="tearDown()[pri:0, instance:testNGTest.TestNGTest@61832929]" name="tearDown" is-config="true" duration-ms="114" started-at="2018-11-19T10:39:03Z" finished-at="2018-11-19T10:39:03Z">
          <reporter-output>
          </reporter-output>
        </test-method> <!-- tearDown -->
        <test-method status="PASS" signature="setUp()[pri:0, instance:testNGTest.TestNGTest@61832929]" name="setUp" is-config="true" duration-ms="1514" started-at="2018-11-19T10:39:03Z" finished-at="2018-11-19T10:39:04Z">
          <reporter-output>
          </reporter-output>
        </test-method> <!-- setUp -->
        <test-method status="FAIL" signature="verifyCalculation()[pri:0, instance:testNGTest.TestNGTest@61832929]" name="verifyCalculation" duration-ms="509" started-at="2018-11-19T10:39:04Z" finished-at="2018-11-19T10:39:05Z">
          <exception class="java.lang.AssertionError">
            <full-stacktrace>
              <![CDATA[java.lang.AssertionError
at org.junit.Assert.fail(Assert.java:86)
at org.junit.Assert.assertTrue(Assert.java:41)
at org.junit.Assert.assertTrue(Assert.java:52)
at pages.HomePage.verifyCalculation(HomePage.java:212)
at testNGTest.TestNGTest.verifyCalculation(TestNGTest.java:111)
at sun.reflect.NativeMethodAccessorImpl.invoke0(Native Method)
at sun.reflect.NativeMethodAccessorImpl.invoke(NativeMethodAccessorImpl.java:62)
at sun.reflect.DelegatingMethodAccessorImpl.invoke(DelegatingMethodAccessorImpl.java:43)
at java.lang.reflect.Method.invoke(Method.java:498)
at org.testng.internal.MethodInvocationHelper.invokeMethod(MethodInvocationHelper.java:124)
at org.testng.internal.Invoker.invokeMethod(Invoker.java:580)
at org.testng.internal.Invoker.invokeTestMethod(Invoker.java:716)
at org.testng.internal.Invoker.invokeTestMethods(Invoker.java:988)
at org.testng.internal.TestMethodWorker.invokeTestMethods(TestMethodWorker.java:125)
at org.testng.internal.TestMethodWorker.run(TestMethodWorker.java:109)
at org.testng.TestRunner.privateRun(TestRunner.java:648)
at org.testng.TestRunner.run(TestRunner.java:505)
at org.testng.SuiteRunner.runTest(SuiteRunner.java:455)
at org.testng.SuiteRunner.runSequentially(SuiteRunner.java:450)
at org.testng.SuiteRunner.privateRun(SuiteRunner.java:415)
at org.testng.SuiteRunner.run(SuiteRunner.java:364)
at org.testng.SuiteRunnerWorker.runSuite(SuiteRunnerWorker.java:52)
at org.testng.SuiteRunnerWorker.run(SuiteRunnerWorker.java:84)
at org.testng.TestNG.runSuitesSequentially(TestNG.java:1208)
at org.testng.TestNG.runSuitesLocally(TestNG.java:1137)
at org.testng.TestNG.runSuites(TestNG.java:1049)
at org.testng.TestNG.run(TestNG.java:1017)
at org.testng.remote.AbstractRemoteTestNG.run(AbstractRemoteTestNG.java:114)
at org.testng.remote.RemoteTestNG.initAndRun(RemoteTestNG.java:251)
at org.testng.remote.RemoteTestNG.main(RemoteTestNG.java:77)
]]>
            </full-stacktrace>
          </exception> <!-- java.lang.AssertionError -->
          <reporter-output>
          </reporter-output>
        </test-method> <!-- verifyCalculation -->
        <test-method status="PASS" signature="tearDown()[pri:0, instance:testNGTest.TestNGTest@61832929]" name="tearDown" is-config="true" duration-ms="115" started-at="2018-11-19T10:39:05Z" finished-at="2018-11-19T10:39:05Z">
          <reporter-output>
          </reporter-output>
        </test-method> <!-- tearDown -->
        <test-method status="PASS" signature="setUp()[pri:0, instance:testNGTest.TestNGTest@61832929]" name="setUp" is-config="true" duration-ms="1495" started-at="2018-11-19T10:39:05Z" finished-at="2018-11-19T10:39:06Z">
          <reporter-output>
          </reporter-output>
        </test-method> <!-- setUp -->
        <test-method status="PASS" signature="verifyEmptyValue()[pri:0, instance:testNGTest.TestNGTest@61832929]" name="verifyEmptyValue" duration-ms="173" started-at="2018-11-19T10:39:06Z" finished-at="2018-11-19T10:39:07Z">
          <reporter-output>
          </reporter-output>
        </test-method> <!-- verifyEmptyValue -->
        <test-method status="PASS" signature="tearDown()[pri:0, instance:testNGTest.TestNGTest@61832929]" name="tearDown" is-config="true" duration-ms="153" started-at="2018-11-19T10:39:07Z" finished-at="2018-11-19T10:39:07Z">
          <reporter-output>
          </reporter-output>
        </test-method> <!-- tearDown -->
        <test-method status="PASS" signature="setUp()[pri:0, instance:testNGTest.TestNGTest@61832929]" name="setUp" is-config="true" duration-ms="1421" started-at="2018-11-19T10:39:07Z" finished-at="2018-11-19T10:39:08Z">
          <reporter-output>
          </reporter-output>
        </test-method> <!-- setUp -->
        <test-method status="PASS" signature="verifyFooter1()[pri:0, instance:testNGTest.TestNGTest@61832929]" name="verifyFooter1" duration-ms="51" started-at="2018-11-19T10:39:08Z" finished-at="2018-11-19T10:39:08Z">
          <reporter-output>
          </reporter-output>
        </test-method> <!-- verifyFooter1 -->
        <test-method status="PASS" signature="tearDown()[pri:0, instance:testNGTest.TestNGTest@61832929]" name="tearDown" is-config="true" duration-ms="146" started-at="2018-11-19T10:39:08Z" finished-at="2018-11-19T10:39:08Z">
          <reporter-output>
          </reporter-output>
        </test-method> <!-- tearDown -->
        <test-method status="PASS" signature="setUp()[pri:0, instance:testNGTest.TestNGTest@61832929]" name="setUp" is-config="true" duration-ms="1302" started-at="2018-11-19T10:39:08Z" finished-at="2018-11-19T10:39:10Z">
          <reporter-output>
          </reporter-output>
        </test-method> <!-- setUp -->
        <test-method status="PASS" signature="verifyFooter2()[pri:0, instance:testNGTest.TestNGTest@61832929]" name="verifyFooter2" duration-ms="46" started-at="2018-11-19T10:39:10Z" finished-at="2018-11-19T10:39:10Z">
          <reporter-output>
          </reporter-output>
        </test-method> <!-- verifyFooter2 -->
        <test-method status="PASS" signature="tearDown()[pri:0, instance:testNGTest.TestNGTest@61832929]" name="tearDown" is-config="true" duration-ms="149" started-at="2018-11-19T10:39:10Z" finished-at="2018-11-19T10:39:10Z">
          <reporter-output>
          </reporter-output>
        </test-method> <!-- tearDown -->
        <test-method status="PASS" signature="setUp()[pri:0, instance:testNGTest.TestNGTest@61832929]" name="setUp" is-config="true" duration-ms="1562" started-at="2018-11-19T10:39:10Z" finished-at="2018-11-19T10:39:12Z">
          <reporter-output>
          </reporter-output>
        </test-method> <!-- setUp -->
        <test-method status="PASS" signature="verifyFooter3()[pri:0, instance:testNGTest.TestNGTest@61832929]" name="verifyFooter3" duration-ms="44" started-at="2018-11-19T10:39:12Z" finished-at="2018-11-19T10:39:12Z">
          <reporter-output>
          </reporter-output>
        </test-method> <!-- verifyFooter3 -->
        <test-method status="PASS" signature="tearDown()[pri:0, instance:testNGTest.TestNGTest@61832929]" name="tearDown" is-config="true" duration-ms="122" started-at="2018-11-19T10:39:12Z" finished-at="2018-11-19T10:39:12Z">
          <reporter-output>
          </reporter-output>
        </test-method> <!-- tearDown -->
        <test-method status="PASS" signature="setUp()[pri:0, instance:testNGTest.TestNGTest@61832929]" name="setUp" is-config="true" duration-ms="1482" started-at="2018-11-19T10:39:12Z" finished-at="2018-11-19T10:39:13Z">
          <reporter-output>
          </reporter-output>
        </test-method> <!-- setUp -->
        <test-method status="PASS" signature="verifyGallonCalculation()[pri:0, instance:testNGTest.TestNGTest@61832929]" name="verifyGallonCalculation" duration-ms="544" started-at="2018-11-19T10:39:13Z" finished-at="2018-11-19T10:39:14Z">
          <reporter-output>
          </reporter-output>
        </test-method> <!-- verifyGallonCalculation -->
        <test-method status="PASS" signature="tearDown()[pri:0, instance:testNGTest.TestNGTest@61832929]" name="tearDown" is-config="true" duration-ms="120" started-at="2018-11-19T10:39:14Z" finished-at="2018-11-19T10:39:14Z">
          <reporter-output>
          </reporter-output>
        </test-method> <!-- tearDown -->
        <test-method status="PASS" signature="setUp()[pri:0, instance:testNGTest.TestNGTest@61832929]" name="setUp" is-config="true" duration-ms="1443" started-at="2018-11-19T10:39:14Z" finished-at="2018-11-19T10:39:15Z">
          <reporter-output>
          </reporter-output>
        </test-method> <!-- setUp -->
        <test-method status="PASS" signature="verifyGallonTotalSum()[pri:0, instance:testNGTest.TestNGTest@61832929]" name="verifyGallonTotalSum" duration-ms="806" started-at="2018-11-19T10:39:15Z" finished-at="2018-11-19T10:39:16Z">
          <reporter-output>
          </reporter-output>
        </test-method> <!-- verifyGallonTotalSum -->
        <test-method status="PASS" signature="tearDown()[pri:0, instance:testNGTest.TestNGTest@61832929]" name="tearDown" is-config="true" duration-ms="124" started-at="2018-11-19T10:39:16Z" finished-at="2018-11-19T10:39:16Z">
          <reporter-output>
          </reporter-output>
        </test-method> <!-- tearDown -->
        <test-method status="PASS" signature="setUp()[pri:0, instance:testNGTest.TestNGTest@61832929]" name="setUp" is-config="true" duration-ms="1409" started-at="2018-11-19T10:39:16Z" finished-at="2018-11-19T10:39:18Z">
          <reporter-output>
          </reporter-output>
        </test-method> <!-- setUp -->
        <test-method status="PASS" signature="verifyHeader1()[pri:0, instance:testNGTest.TestNGTest@61832929]" name="verifyHeader1" duration-ms="45" started-at="2018-11-19T10:39:18Z" finished-at="2018-11-19T10:39:18Z">
          <reporter-output>
          </reporter-output>
        </test-method> <!-- verifyHeader1 -->
        <test-method status="PASS" signature="tearDown()[pri:0, instance:testNGTest.TestNGTest@61832929]" name="tearDown" is-config="true" duration-ms="150" started-at="2018-11-19T10:39:18Z" finished-at="2018-11-19T10:39:18Z">
          <reporter-output>
          </reporter-output>
        </test-method> <!-- tearDown -->
        <test-method status="PASS" signature="setUp()[pri:0, instance:testNGTest.TestNGTest@61832929]" name="setUp" is-config="true" duration-ms="1422" started-at="2018-11-19T10:39:18Z" finished-at="2018-11-19T10:39:19Z">
          <reporter-output>
          </reporter-output>
        </test-method> <!-- setUp -->
        <test-method status="PASS" signature="verifyHeader2()[pri:0, instance:testNGTest.TestNGTest@61832929]" name="verifyHeader2" duration-ms="44" started-at="2018-11-19T10:39:19Z" finished-at="2018-11-19T10:39:19Z">
          <reporter-output>
          </reporter-output>
        </test-method> <!-- verifyHeader2 -->
        <test-method status="PASS" signature="tearDown()[pri:0, instance:testNGTest.TestNGTest@61832929]" name="tearDown" is-config="true" duration-ms="144" started-at="2018-11-19T10:39:19Z" finished-at="2018-11-19T10:39:19Z">
          <reporter-output>
          </reporter-output>
        </test-method> <!-- tearDown -->
        <test-method status="PASS" signature="setUp()[pri:0, instance:testNGTest.TestNGTest@61832929]" name="setUp" is-config="true" duration-ms="1396" started-at="2018-11-19T10:39:19Z" finished-at="2018-11-19T10:39:21Z">
          <reporter-output>
          </reporter-output>
        </test-method> <!-- setUp -->
        <test-method status="PASS" signature="verifyHomeButton()[pri:0, instance:testNGTest.TestNGTest@61832929]" name="verifyHomeButton" duration-ms="598" started-at="2018-11-19T10:39:21Z" finished-at="2018-11-19T10:39:21Z">
          <reporter-output>
          </reporter-output>
        </test-method> <!-- verifyHomeButton -->
        <test-method status="PASS" signature="tearDown()[pri:0, instance:testNGTest.TestNGTest@61832929]" name="tearDown" is-config="true" duration-ms="114" started-at="2018-11-19T10:39:21Z" finished-at="2018-11-19T10:39:22Z">
          <reporter-output>
          </reporter-output>
        </test-method> <!-- tearDown -->
        <test-method status="PASS" signature="setUp()[pri:0, instance:testNGTest.TestNGTest@61832929]" name="setUp" is-config="true" duration-ms="1511" started-at="2018-11-19T10:39:22Z" finished-at="2018-11-19T10:39:23Z">
          <reporter-output>
          </reporter-output>
        </test-method> <!-- setUp -->
        <test-method status="PASS" signature="verifyHomeButtonEnable()[pri:0, instance:testNGTest.TestNGTest@61832929]" name="verifyHomeButtonEnable" duration-ms="486" started-at="2018-11-19T10:39:23Z" finished-at="2018-11-19T10:39:24Z">
          <reporter-output>
          </reporter-output>
        </test-method> <!-- verifyHomeButtonEnable -->
        <test-method status="PASS" signature="tearDown()[pri:0, instance:testNGTest.TestNGTest@61832929]" name="tearDown" is-config="true" duration-ms="116" started-at="2018-11-19T10:39:24Z" finished-at="2018-11-19T10:39:24Z">
          <reporter-output>
          </reporter-output>
        </test-method> <!-- tearDown -->
        <test-method status="PASS" signature="setUp()[pri:0, instance:testNGTest.TestNGTest@61832929]" name="setUp" is-config="true" duration-ms="1489" started-at="2018-11-19T10:39:24Z" finished-at="2018-11-19T10:39:25Z">
          <reporter-output>
          </reporter-output>
        </test-method> <!-- setUp -->
        <test-method status="PASS" signature="verifyMultipleNumOfRows()[pri:0, instance:testNGTest.TestNGTest@61832929]" name="verifyMultipleNumOfRows" duration-ms="401" started-at="2018-11-19T10:39:25Z" finished-at="2018-11-19T10:39:26Z">
          <reporter-output>
          </reporter-output>
        </test-method> <!-- verifyMultipleNumOfRows -->
        <test-method status="PASS" signature="tearDown()[pri:0, instance:testNGTest.TestNGTest@61832929]" name="tearDown" is-config="true" duration-ms="163" started-at="2018-11-19T10:39:26Z" finished-at="2018-11-19T10:39:26Z">
          <reporter-output>
          </reporter-output>
        </test-method> <!-- tearDown -->
        <test-method status="PASS" signature="setUp()[pri:0, instance:testNGTest.TestNGTest@61832929]" name="setUp" is-config="true" duration-ms="1524" started-at="2018-11-19T10:39:26Z" finished-at="2018-11-19T10:39:27Z">
          <reporter-output>
          </reporter-output>
        </test-method> <!-- setUp -->
        <test-method status="PASS" signature="verifyNegativeNum()[pri:0, instance:testNGTest.TestNGTest@61832929]" name="verifyNegativeNum" duration-ms="213" started-at="2018-11-19T10:39:27Z" finished-at="2018-11-19T10:39:27Z">
          <reporter-output>
          </reporter-output>
        </test-method> <!-- verifyNegativeNum -->
        <test-method status="PASS" signature="tearDown()[pri:0, instance:testNGTest.TestNGTest@61832929]" name="tearDown" is-config="true" duration-ms="151" started-at="2018-11-19T10:39:27Z" finished-at="2018-11-19T10:39:28Z">
          <reporter-output>
          </reporter-output>
        </test-method> <!-- tearDown -->
        <test-method status="PASS" signature="setUp()[pri:0, instance:testNGTest.TestNGTest@61832929]" name="setUp" is-config="true" duration-ms="1384" started-at="2018-11-19T10:39:28Z" finished-at="2018-11-19T10:39:29Z">
          <reporter-output>
          </reporter-output>
        </test-method> <!-- setUp -->
        <test-method status="PASS" signature="verifyOperations()[pri:0, instance:testNGTest.TestNGTest@61832929]" name="verifyOperations" duration-ms="195" started-at="2018-11-19T10:39:29Z" finished-at="2018-11-19T10:39:29Z">
          <reporter-output>
          </reporter-output>
        </test-method> <!-- verifyOperations -->
        <test-method status="PASS" signature="tearDown()[pri:0, instance:testNGTest.TestNGTest@61832929]" name="tearDown" is-config="true" duration-ms="149" started-at="2018-11-19T10:39:29Z" finished-at="2018-11-19T10:39:29Z">
          <reporter-output>
          </reporter-output>
        </test-method> <!-- tearDown -->
        <test-method status="PASS" signature="setUp()[pri:0, instance:testNGTest.TestNGTest@61832929]" name="setUp" is-config="true" duration-ms="1397" started-at="2018-11-19T10:39:29Z" finished-at="2018-11-19T10:39:31Z">
          <reporter-output>
          </reporter-output>
        </test-method> <!-- setUp -->
        <test-method status="PASS" signature="verifyResultsTableHeaders()[pri:0, instance:testNGTest.TestNGTest@61832929]" name="verifyResultsTableHeaders" duration-ms="1534" started-at="2018-11-19T10:39:31Z" finished-at="2018-11-19T10:39:32Z">
          <reporter-output>
          </reporter-output>
        </test-method> <!-- verifyResultsTableHeaders -->
        <test-method status="PASS" signature="tearDown()[pri:0, instance:testNGTest.TestNGTest@61832929]" name="tearDown" is-config="true" duration-ms="120" started-at="2018-11-19T10:39:32Z" finished-at="2018-11-19T10:39:32Z">
          <reporter-output>
          </reporter-output>
        </test-method> <!-- tearDown -->
        <test-method status="PASS" signature="setUp()[pri:0, instance:testNGTest.TestNGTest@61832929]" name="setUp" is-config="true" duration-ms="1340" started-at="2018-11-19T10:39:32Z" finished-at="2018-11-19T10:39:34Z">
          <reporter-output>
          </reporter-output>
        </test-method> <!-- setUp -->
        <test-method status="PASS" signature="verifySubmitButtonDisplay()[pri:0, instance:testNGTest.TestNGTest@61832929]" name="verifySubmitButtonDisplay" duration-ms="48" started-at="2018-11-19T10:39:34Z" finished-at="2018-11-19T10:39:34Z">
          <reporter-output>
          </reporter-output>
        </test-method> <!-- verifySubmitButtonDisplay -->
        <test-method status="PASS" signature="tearDown()[pri:0, instance:testNGTest.TestNGTest@61832929]" name="tearDown" is-config="true" duration-ms="117" started-at="2018-11-19T10:39:34Z" finished-at="2018-11-19T10:39:34Z">
          <reporter-output>
          </reporter-output>
        </test-method> <!-- tearDown -->
        <test-method status="PASS" signature="setUp()[pri:0, instance:testNGTest.TestNGTest@61832929]" name="setUp" is-config="true" duration-ms="1479" started-at="2018-11-19T10:39:34Z" finished-at="2018-11-19T10:39:35Z">
          <reporter-output>
          </reporter-output>
        </test-method> <!-- setUp -->
        <test-method status="PASS" signature="verifySubmitButtonEnable()[pri:0, instance:testNGTest.TestNGTest@61832929]" name="verifySubmitButtonEnable" duration-ms="33" started-at="2018-11-19T10:39:35Z" finished-at="2018-11-19T10:39:35Z">
          <reporter-output>
          </reporter-output>
        </test-method> <!-- verifySubmitButtonEnable -->
        <test-method status="PASS" signature="tearDown()[pri:0, instance:testNGTest.TestNGTest@61832929]" name="tearDown" is-config="true" duration-ms="114" started-at="2018-11-19T10:39:35Z" finished-at="2018-11-19T10:39:35Z">
          <reporter-output>
          </reporter-output>
        </test-method> <!-- tearDown -->
        <test-method status="PASS" signature="setUp()[pri:0, instance:testNGTest.TestNGTest@61832929]" name="setUp" is-config="true" duration-ms="1462" started-at="2018-11-19T10:39:35Z" finished-at="2018-11-19T10:39:37Z">
          <reporter-output>
          </reporter-output>
        </test-method> <!-- setUp -->
        <test-method status="PASS" signature="verifyTableHeaders()[pri:0, instance:testNGTest.TestNGTest@61832929]" name="verifyTableHeaders" duration-ms="293" started-at="2018-11-19T10:39:37Z" finished-at="2018-11-19T10:39:37Z">
          <reporter-output>
          </reporter-output>
        </test-method> <!-- verifyTableHeaders -->
        <test-method status="PASS" signature="tearDown()[pri:0, instance:testNGTest.TestNGTest@61832929]" name="tearDown" is-config="true" duration-ms="144" started-at="2018-11-19T10:39:37Z" finished-at="2018-11-19T10:39:37Z">
          <reporter-output>
          </reporter-output>
        </test-method> <!-- tearDown -->
        <test-method status="PASS" signature="setUp()[pri:0, instance:testNGTest.TestNGTest@61832929]" name="setUp" is-config="true" duration-ms="1451" started-at="2018-11-19T10:39:37Z" finished-at="2018-11-19T10:39:39Z">
          <reporter-output>
          </reporter-output>
        </test-method> <!-- setUp -->
        <test-method status="PASS" signature="verifyTitle()[pri:0, instance:testNGTest.TestNGTest@61832929]" name="verifyTitle" duration-ms="7" started-at="2018-11-19T10:39:39Z" finished-at="2018-11-19T10:39:39Z">
          <reporter-output>
          </reporter-output>
        </test-method> <!-- verifyTitle -->
        <test-method status="PASS" signature="tearDown()[pri:0, instance:testNGTest.TestNGTest@61832929]" name="tearDown" is-config="true" duration-ms="110" started-at="2018-11-19T10:39:39Z" finished-at="2018-11-19T10:39:39Z">
          <reporter-output>
          </reporter-output>
        </test-method> <!-- tearDown -->
        <test-method status="PASS" signature="setUp()[pri:0, instance:testNGTest.TestNGTest@61832929]" name="setUp" is-config="true" duration-ms="1435" started-at="2018-11-19T10:39:39Z" finished-at="2018-11-19T10:39:40Z">
          <reporter-output>
          </reporter-output>
        </test-method> <!-- setUp -->
        <test-method status="PASS" signature="verifyTotGallons()[pri:0, instance:testNGTest.TestNGTest@61832929]" name="verifyTotGallons" duration-ms="542" started-at="2018-11-19T10:39:40Z" finished-at="2018-11-19T10:39:41Z">
          <reporter-output>
          </reporter-output>
        </test-method> <!-- verifyTotGallons -->
        <test-method status="PASS" signature="tearDown()[pri:0, instance:testNGTest.TestNGTest@61832929]" name="tearDown" is-config="true" duration-ms="114" started-at="2018-11-19T10:39:41Z" finished-at="2018-11-19T10:39:41Z">
          <reporter-output>
          </reporter-output>
        </test-method> <!-- tearDown -->
        <test-method status="PASS" signature="setUp()[pri:0, instance:testNGTest.TestNGTest@61832929]" name="setUp" is-config="true" duration-ms="1461" started-at="2018-11-19T10:39:41Z" finished-at="2018-11-19T10:39:43Z">
          <reporter-output>
          </reporter-output>
        </test-method> <!-- setUp -->
        <test-method status="PASS" signature="verifyUrl()[pri:0, instance:testNGTest.TestNGTest@61832929]" name="verifyUrl" duration-ms="10" started-at="2018-11-19T10:39:43Z" finished-at="2018-11-19T10:39:43Z">
          <reporter-output>
          </reporter-output>
        </test-method> <!-- verifyUrl -->
        <test-method status="PASS" signature="tearDown()[pri:0, instance:testNGTest.TestNGTest@61832929]" name="tearDown" is-config="true" duration-ms="144" started-at="2018-11-19T10:39:43Z" finished-at="2018-11-19T10:39:43Z">
          <reporter-output>
          </reporter-output>
        </test-method> <!-- tearDown -->
        <test-method status="PASS" signature="setUp()[pri:0, instance:testNGTest.TestNGTest@61832929]" name="setUp" is-config="true" duration-ms="1408" started-at="2018-11-19T10:39:43Z" finished-at="2018-11-19T10:39:44Z">
          <reporter-output>
          </reporter-output>
        </test-method> <!-- setUp -->
        <test-method status="PASS" signature="verifyZero()[pri:0, instance:testNGTest.TestNGTest@61832929]" name="verifyZero" duration-ms="197" started-at="2018-11-19T10:39:44Z" finished-at="2018-11-19T10:39:44Z">
          <reporter-output>
          </reporter-output>
        </test-method> <!-- verifyZero -->
        <test-method status="PASS" signature="tearDown()[pri:0, instance:testNGTest.TestNGTest@61832929]" name="tearDown" is-config="true" duration-ms="147" started-at="2018-11-19T10:39:44Z" finished-at="2018-11-19T10:39:44Z">
          <reporter-output>
          </reporter-output>
        </test-method> <!-- tearDown -->
      </class> <!-- testNGTest.TestNGTest -->
    </test> <!-- Default test -->
  </suite> <!-- Default suite -->
</testng-results>
